2016-11-29 11:15:16.526 DEBUG 4232 --- [http-nio-8080-exec-3] o.s.s.web.util.matcher.OrRequestMatcher  : Trying to match using Ant [pattern='/css/**']
2016-11-29 11:15:16.530 DEBUG 4232 --- [http-nio-8080-exec-3] o.s.s.w.u.matcher.AntPathRequestMatcher  : Checking match of request : '/user/login'; against '/css/**'
2016-11-29 11:15:16.530 DEBUG 4232 --- [http-nio-8080-exec-3] o.s.s.web.util.matcher.OrRequestMatcher  : Trying to match using Ant [pattern='/js/**']
2016-11-29 11:15:16.530 DEBUG 4232 --- [http-nio-8080-exec-3] o.s.s.w.u.matcher.AntPathRequestMatcher  : Checking match of request : '/user/login'; against '/js/**'
2016-11-29 11:15:16.530 DEBUG 4232 --- [http-nio-8080-exec-3] o.s.s.web.util.matcher.OrRequestMatcher  : Trying to match using Ant [pattern='/images/**']
2016-11-29 11:15:16.530 DEBUG 4232 --- [http-nio-8080-exec-3] o.s.s.w.u.matcher.AntPathRequestMatcher  : Checking match of request : '/user/login'; against '/images/**'
2016-11-29 11:15:16.530 DEBUG 4232 --- [http-nio-8080-exec-3] o.s.s.web.util.matcher.OrRequestMatcher  : Trying to match using Ant [pattern='/webjars/**']
2016-11-29 11:15:16.530 DEBUG 4232 --- [http-nio-8080-exec-3] o.s.s.w.u.matcher.AntPathRequestMatcher  : Checking match of request : '/user/login'; against '/webjars/**'
2016-11-29 11:15:16.530 DEBUG 4232 --- [http-nio-8080-exec-3] o.s.s.web.util.matcher.OrRequestMatcher  : Trying to match using Ant [pattern='/**/favicon.ico']
2016-11-29 11:15:16.530 DEBUG 4232 --- [http-nio-8080-exec-3] o.s.s.w.u.matcher.AntPathRequestMatcher  : Checking match of request : '/user/login'; against '/**/favicon.ico'
2016-11-29 11:15:16.530 DEBUG 4232 --- [http-nio-8080-exec-3] o.s.s.web.util.matcher.OrRequestMatcher  : Trying to match using Ant [pattern='/error']
2016-11-29 11:15:16.530 DEBUG 4232 --- [http-nio-8080-exec-3] o.s.s.w.u.matcher.AntPathRequestMatcher  : Checking match of request : '/user/login'; against '/error'
2016-11-29 11:15:16.530 DEBUG 4232 --- [http-nio-8080-exec-3] o.s.s.web.util.matcher.OrRequestMatcher  : No matches found
2016-11-29 11:15:16.530 DEBUG 4232 --- [http-nio-8080-exec-3] o.s.s.w.u.matcher.AntPathRequestMatcher  : Request '/user/login' matched by universal pattern '/**'
2016-11-29 11:15:16.530 DEBUG 4232 --- [http-nio-8080-exec-3] o.s.security.web.FilterChainProxy        : /user/login at position 1 of 12 in additional filter chain; firing Filter: 'WebAsyncManagerIntegrationFilter'
2016-11-29 11:15:16.531 DEBUG 4232 --- [http-nio-8080-exec-3] o.s.security.web.FilterChainProxy        : /user/login at position 2 of 12 in additional filter chain; firing Filter: 'SecurityContextPersistenceFilter'
2016-11-29 11:15:16.531 DEBUG 4232 --- [http-nio-8080-exec-3] o.s.security.web.FilterChainProxy        : /user/login at position 3 of 12 in additional filter chain; firing Filter: 'HeaderWriterFilter'
2016-11-29 11:15:16.531 DEBUG 4232 --- [http-nio-8080-exec-3] o.s.security.web.FilterChainProxy        : /user/login at position 4 of 12 in additional filter chain; firing Filter: 'LogoutFilter'
2016-11-29 11:15:16.531 DEBUG 4232 --- [http-nio-8080-exec-3] o.s.s.web.util.matcher.OrRequestMatcher  : Trying to match using Ant [pattern='/logout', GET]
2016-11-29 11:15:16.531 DEBUG 4232 --- [http-nio-8080-exec-3] o.s.s.w.u.matcher.AntPathRequestMatcher  : Request 'POST /user/login' doesn't match 'GET /logout
2016-11-29 11:15:16.531 DEBUG 4232 --- [http-nio-8080-exec-3] o.s.s.web.util.matcher.OrRequestMatcher  : Trying to match using Ant [pattern='/logout', POST]
2016-11-29 11:15:16.531 DEBUG 4232 --- [http-nio-8080-exec-3] o.s.s.w.u.matcher.AntPathRequestMatcher  : Checking match of request : '/user/login'; against '/logout'
2016-11-29 11:15:16.531 DEBUG 4232 --- [http-nio-8080-exec-3] o.s.s.web.util.matcher.OrRequestMatcher  : Trying to match using Ant [pattern='/logout', PUT]
2016-11-29 11:15:16.531 DEBUG 4232 --- [http-nio-8080-exec-3] o.s.s.w.u.matcher.AntPathRequestMatcher  : Request 'POST /user/login' doesn't match 'PUT /logout
2016-11-29 11:15:16.531 DEBUG 4232 --- [http-nio-8080-exec-3] o.s.s.web.util.matcher.OrRequestMatcher  : Trying to match using Ant [pattern='/logout', DELETE]
2016-11-29 11:15:16.531 DEBUG 4232 --- [http-nio-8080-exec-3] o.s.s.w.u.matcher.AntPathRequestMatcher  : Request 'POST /user/login' doesn't match 'DELETE /logout
2016-11-29 11:15:16.531 DEBUG 4232 --- [http-nio-8080-exec-3] o.s.s.web.util.matcher.OrRequestMatcher  : No matches found
2016-11-29 11:15:16.531 DEBUG 4232 --- [http-nio-8080-exec-3] o.s.security.web.FilterChainProxy        : /user/login at position 5 of 12 in additional filter chain; firing Filter: 'LoginBasicFilter'
2016-11-29 11:15:16.531 DEBUG 4232 --- [http-nio-8080-exec-3] o.s.s.web.util.matcher.OrRequestMatcher  : Trying to match using Ant [pattern='/user/login']
2016-11-29 11:15:16.531 DEBUG 4232 --- [http-nio-8080-exec-3] o.s.s.w.u.matcher.AntPathRequestMatcher  : Checking match of request : '/user/login'; against '/user/login'
2016-11-29 11:15:16.531 DEBUG 4232 --- [http-nio-8080-exec-3] o.s.s.web.util.matcher.OrRequestMatcher  : matched
2016-11-29 11:15:16.538 DEBUG 4232 --- [http-nio-8080-exec-3] o.s.s.authentication.ProviderManager     : Authentication attempt using edu.sjsu.LPOS.auth.login.LoginAuthenticationProvider
2016-11-29 11:15:16.615 DEBUG 4232 --- [http-nio-8080-exec-3] o.s.s.w.header.writers.HstsHeaderWriter  : Not injecting HSTS header since it did not match the requestMatcher org.springframework.security.web.header.writers.HstsHeaderWriter$SecureRequestMatcher@4353e2ba
2016-11-29 11:15:16.617 DEBUG 4232 --- [http-nio-8080-exec-3] s.s.w.c.SecurityContextPersistenceFilter : SecurityContextHolder now cleared, as request processing completed
2016-11-29 11:15:23.511 DEBUG 4232 --- [http-nio-8080-exec-4] o.s.s.web.util.matcher.OrRequestMatcher  : Trying to match using Ant [pattern='/css/**']
2016-11-29 11:15:23.511 DEBUG 4232 --- [http-nio-8080-exec-4] o.s.s.w.u.matcher.AntPathRequestMatcher  : Checking match of request : '/user/register/confirm'; against '/css/**'
2016-11-29 11:15:23.511 DEBUG 4232 --- [http-nio-8080-exec-4] o.s.s.web.util.matcher.OrRequestMatcher  : Trying to match using Ant [pattern='/js/**']
2016-11-29 11:15:23.511 DEBUG 4232 --- [http-nio-8080-exec-4] o.s.s.w.u.matcher.AntPathRequestMatcher  : Checking match of request : '/user/register/confirm'; against '/js/**'
2016-11-29 11:15:23.511 DEBUG 4232 --- [http-nio-8080-exec-4] o.s.s.web.util.matcher.OrRequestMatcher  : Trying to match using Ant [pattern='/images/**']
2016-11-29 11:15:23.511 DEBUG 4232 --- [http-nio-8080-exec-4] o.s.s.w.u.matcher.AntPathRequestMatcher  : Checking match of request : '/user/register/confirm'; against '/images/**'
2016-11-29 11:15:23.511 DEBUG 4232 --- [http-nio-8080-exec-4] o.s.s.web.util.matcher.OrRequestMatcher  : Trying to match using Ant [pattern='/webjars/**']
2016-11-29 11:15:23.511 DEBUG 4232 --- [http-nio-8080-exec-4] o.s.s.w.u.matcher.AntPathRequestMatcher  : Checking match of request : '/user/register/confirm'; against '/webjars/**'
2016-11-29 11:15:23.511 DEBUG 4232 --- [http-nio-8080-exec-4] o.s.s.web.util.matcher.OrRequestMatcher  : Trying to match using Ant [pattern='/**/favicon.ico']
2016-11-29 11:15:23.511 DEBUG 4232 --- [http-nio-8080-exec-4] o.s.s.w.u.matcher.AntPathRequestMatcher  : Checking match of request : '/user/register/confirm'; against '/**/favicon.ico'
2016-11-29 11:15:23.511 DEBUG 4232 --- [http-nio-8080-exec-4] o.s.s.web.util.matcher.OrRequestMatcher  : Trying to match using Ant [pattern='/error']
2016-11-29 11:15:23.511 DEBUG 4232 --- [http-nio-8080-exec-4] o.s.s.w.u.matcher.AntPathRequestMatcher  : Checking match of request : '/user/register/confirm'; against '/error'
2016-11-29 11:15:23.511 DEBUG 4232 --- [http-nio-8080-exec-4] o.s.s.web.util.matcher.OrRequestMatcher  : No matches found
2016-11-29 11:15:23.511 DEBUG 4232 --- [http-nio-8080-exec-4] o.s.s.w.u.matcher.AntPathRequestMatcher  : Request '/user/register/confirm' matched by universal pattern '/**'
2016-11-29 11:15:23.511 DEBUG 4232 --- [http-nio-8080-exec-4] o.s.security.web.FilterChainProxy        : /user/register/confirm?id=26&code=244013 at position 1 of 12 in additional filter chain; firing Filter: 'WebAsyncManagerIntegrationFilter'
2016-11-29 11:15:23.512 DEBUG 4232 --- [http-nio-8080-exec-4] o.s.security.web.FilterChainProxy        : /user/register/confirm?id=26&code=244013 at position 2 of 12 in additional filter chain; firing Filter: 'SecurityContextPersistenceFilter'
2016-11-29 11:15:23.512 DEBUG 4232 --- [http-nio-8080-exec-4] o.s.security.web.FilterChainProxy        : /user/register/confirm?id=26&code=244013 at position 3 of 12 in additional filter chain; firing Filter: 'HeaderWriterFilter'
2016-11-29 11:15:23.512 DEBUG 4232 --- [http-nio-8080-exec-4] o.s.security.web.FilterChainProxy        : /user/register/confirm?id=26&code=244013 at position 4 of 12 in additional filter chain; firing Filter: 'LogoutFilter'
2016-11-29 11:15:23.512 DEBUG 4232 --- [http-nio-8080-exec-4] o.s.s.web.util.matcher.OrRequestMatcher  : Trying to match using Ant [pattern='/logout', GET]
2016-11-29 11:15:23.512 DEBUG 4232 --- [http-nio-8080-exec-4] o.s.s.w.u.matcher.AntPathRequestMatcher  : Checking match of request : '/user/register/confirm'; against '/logout'
2016-11-29 11:15:23.512 DEBUG 4232 --- [http-nio-8080-exec-4] o.s.s.web.util.matcher.OrRequestMatcher  : Trying to match using Ant [pattern='/logout', POST]
2016-11-29 11:15:23.512 DEBUG 4232 --- [http-nio-8080-exec-4] o.s.s.w.u.matcher.AntPathRequestMatcher  : Request 'GET /user/register/confirm' doesn't match 'POST /logout
2016-11-29 11:15:23.512 DEBUG 4232 --- [http-nio-8080-exec-4] o.s.s.web.util.matcher.OrRequestMatcher  : Trying to match using Ant [pattern='/logout', PUT]
2016-11-29 11:15:23.512 DEBUG 4232 --- [http-nio-8080-exec-4] o.s.s.w.u.matcher.AntPathRequestMatcher  : Request 'GET /user/register/confirm' doesn't match 'PUT /logout
2016-11-29 11:15:23.512 DEBUG 4232 --- [http-nio-8080-exec-4] o.s.s.web.util.matcher.OrRequestMatcher  : Trying to match using Ant [pattern='/logout', DELETE]
2016-11-29 11:15:23.512 DEBUG 4232 --- [http-nio-8080-exec-4] o.s.s.w.u.matcher.AntPathRequestMatcher  : Request 'GET /user/register/confirm' doesn't match 'DELETE /logout
2016-11-29 11:15:23.512 DEBUG 4232 --- [http-nio-8080-exec-4] o.s.s.web.util.matcher.OrRequestMatcher  : No matches found
2016-11-29 11:15:23.512 DEBUG 4232 --- [http-nio-8080-exec-4] o.s.security.web.FilterChainProxy        : /user/register/confirm?id=26&code=244013 at position 5 of 12 in additional filter chain; firing Filter: 'LoginBasicFilter'
2016-11-29 11:15:23.512 DEBUG 4232 --- [http-nio-8080-exec-4] o.s.s.web.util.matcher.OrRequestMatcher  : Trying to match using Ant [pattern='/user/login']
2016-11-29 11:15:23.512 DEBUG 4232 --- [http-nio-8080-exec-4] o.s.s.w.u.matcher.AntPathRequestMatcher  : Checking match of request : '/user/register/confirm'; against '/user/login'
2016-11-29 11:15:23.512 DEBUG 4232 --- [http-nio-8080-exec-4] o.s.s.web.util.matcher.OrRequestMatcher  : No matches found
2016-11-29 11:15:23.512 DEBUG 4232 --- [http-nio-8080-exec-4] o.s.security.web.FilterChainProxy        : /user/register/confirm?id=26&code=244013 at position 6 of 12 in additional filter chain; firing Filter: 'JwtAuthorizationFilter'
2016-11-29 11:15:23.512 DEBUG 4232 --- [http-nio-8080-exec-4] o.s.s.web.util.matcher.OrRequestMatcher  : Trying to match using Ant [pattern='/user/login']
2016-11-29 11:15:23.512 DEBUG 4232 --- [http-nio-8080-exec-4] o.s.s.w.u.matcher.AntPathRequestMatcher  : Checking match of request : '/user/register/confirm'; against '/user/login'
2016-11-29 11:15:23.512 DEBUG 4232 --- [http-nio-8080-exec-4] o.s.s.web.util.matcher.OrRequestMatcher  : Trying to match using org.springframework.security.web.util.matcher.RegexRequestMatcher@7e95d1ad
2016-11-29 11:15:23.512 DEBUG 4232 --- [http-nio-8080-exec-4] o.s.s.w.u.matcher.RegexRequestMatcher    : Checking match of request : '/user/register/confirm?id=26&code=244013'; against '/user/login.*'
2016-11-29 11:15:23.512 DEBUG 4232 --- [http-nio-8080-exec-4] o.s.s.web.util.matcher.OrRequestMatcher  : Trying to match using Ant [pattern='/user/refresh']
2016-11-29 11:15:23.512 DEBUG 4232 --- [http-nio-8080-exec-4] o.s.s.w.u.matcher.AntPathRequestMatcher  : Checking match of request : '/user/register/confirm'; against '/user/refresh'
2016-11-29 11:15:23.512 DEBUG 4232 --- [http-nio-8080-exec-4] o.s.s.web.util.matcher.OrRequestMatcher  : Trying to match using org.springframework.security.web.util.matcher.RegexRequestMatcher@2075163e
2016-11-29 11:15:23.512 DEBUG 4232 --- [http-nio-8080-exec-4] o.s.s.w.u.matcher.RegexRequestMatcher    : Checking match of request : '/user/register/confirm?id=26&code=244013'; against '/user/refresh.*'
2016-11-29 11:15:23.513 DEBUG 4232 --- [http-nio-8080-exec-4] o.s.s.web.util.matcher.OrRequestMatcher  : Trying to match using Ant [pattern='/user/register']
2016-11-29 11:15:23.513 DEBUG 4232 --- [http-nio-8080-exec-4] o.s.s.w.u.matcher.AntPathRequestMatcher  : Checking match of request : '/user/register/confirm'; against '/user/register'
2016-11-29 11:15:23.513 DEBUG 4232 --- [http-nio-8080-exec-4] o.s.s.web.util.matcher.OrRequestMatcher  : Trying to match using org.springframework.security.web.util.matcher.RegexRequestMatcher@2e2d0bc6
2016-11-29 11:15:23.513 DEBUG 4232 --- [http-nio-8080-exec-4] o.s.s.w.u.matcher.RegexRequestMatcher    : Checking match of request : '/user/register/confirm?id=26&code=244013'; against '/user/register.*'
2016-11-29 11:15:23.513 DEBUG 4232 --- [http-nio-8080-exec-4] o.s.s.web.util.matcher.OrRequestMatcher  : matched
2016-11-29 11:15:23.513 DEBUG 4232 --- [http-nio-8080-exec-4] o.s.security.web.FilterChainProxy        : /user/register/confirm?id=26&code=244013 at position 7 of 12 in additional filter chain; firing Filter: 'RequestCacheAwareFilter'
2016-11-29 11:15:23.513 DEBUG 4232 --- [http-nio-8080-exec-4] o.s.security.web.FilterChainProxy        : /user/register/confirm?id=26&code=244013 at position 8 of 12 in additional filter chain; firing Filter: 'SecurityContextHolderAwareRequestFilter'
2016-11-29 11:15:23.513 DEBUG 4232 --- [http-nio-8080-exec-4] o.s.security.web.FilterChainProxy        : /user/register/confirm?id=26&code=244013 at position 9 of 12 in additional filter chain; firing Filter: 'AnonymousAuthenticationFilter'
2016-11-29 11:15:23.513 DEBUG 4232 --- [http-nio-8080-exec-4] o.s.s.w.a.AnonymousAuthenticationFilter  : Populated SecurityContextHolder with anonymous token: 'org.springframework.security.authentication.AnonymousAuthenticationToken@9055c2bc: Principal: anonymousUser; Credentials: [PROTECTED]; Authenticated: true; Details: org.springframework.security.web.authentication.WebAuthenticationDetails@b364: RemoteIpAddress: 0:0:0:0:0:0:0:1; SessionId: null; Granted Authorities: ROLE_ANONYMOUS'
2016-11-29 11:15:23.513 DEBUG 4232 --- [http-nio-8080-exec-4] o.s.security.web.FilterChainProxy        : /user/register/confirm?id=26&code=244013 at position 10 of 12 in additional filter chain; firing Filter: 'SessionManagementFilter'
2016-11-29 11:15:23.513 DEBUG 4232 --- [http-nio-8080-exec-4] o.s.security.web.FilterChainProxy        : /user/register/confirm?id=26&code=244013 at position 11 of 12 in additional filter chain; firing Filter: 'ExceptionTranslationFilter'
2016-11-29 11:15:23.513 DEBUG 4232 --- [http-nio-8080-exec-4] o.s.security.web.FilterChainProxy        : /user/register/confirm?id=26&code=244013 at position 12 of 12 in additional filter chain; firing Filter: 'FilterSecurityInterceptor'
2016-11-29 11:15:23.513 DEBUG 4232 --- [http-nio-8080-exec-4] o.s.s.w.u.matcher.AntPathRequestMatcher  : Checking match of request : '/user/register/confirm'; against '/user/login'
2016-11-29 11:15:23.513 DEBUG 4232 --- [http-nio-8080-exec-4] o.s.s.w.u.matcher.AntPathRequestMatcher  : Checking match of request : '/user/register/confirm'; against '/user/refresh'
2016-11-29 11:15:23.513 DEBUG 4232 --- [http-nio-8080-exec-4] o.s.s.w.u.matcher.AntPathRequestMatcher  : Checking match of request : '/user/register/confirm'; against '/user/register'
2016-11-29 11:15:23.513 DEBUG 4232 --- [http-nio-8080-exec-4] o.s.s.w.u.matcher.AntPathRequestMatcher  : Checking match of request : '/user/register/confirm'; against '/user/register/confirm'
2016-11-29 11:15:23.513 DEBUG 4232 --- [http-nio-8080-exec-4] o.s.s.w.a.i.FilterSecurityInterceptor    : Secure object: FilterInvocation: URL: /user/register/confirm?id=26&code=244013; Attributes: [permitAll]
2016-11-29 11:15:23.513 DEBUG 4232 --- [http-nio-8080-exec-4] o.s.s.w.a.i.FilterSecurityInterceptor    : Previously Authenticated: org.springframework.security.authentication.AnonymousAuthenticationToken@9055c2bc: Principal: anonymousUser; Credentials: [PROTECTED]; Authenticated: true; Details: org.springframework.security.web.authentication.WebAuthenticationDetails@b364: RemoteIpAddress: 0:0:0:0:0:0:0:1; SessionId: null; Granted Authorities: ROLE_ANONYMOUS
2016-11-29 11:15:23.514 DEBUG 4232 --- [http-nio-8080-exec-4] o.s.s.access.vote.AffirmativeBased       : Voter: org.springframework.security.web.access.expression.WebExpressionVoter@ac62dac, returned: 1
2016-11-29 11:15:23.514 DEBUG 4232 --- [http-nio-8080-exec-4] o.s.s.w.a.i.FilterSecurityInterceptor    : Authorization successful
2016-11-29 11:15:23.514 DEBUG 4232 --- [http-nio-8080-exec-4] o.s.s.w.a.i.FilterSecurityInterceptor    : RunAsManager did not change Authentication object
2016-11-29 11:15:23.514 DEBUG 4232 --- [http-nio-8080-exec-4] o.s.security.web.FilterChainProxy        : /user/register/confirm?id=26&code=244013 reached end of additional filter chain; proceeding with original chain
2016-11-29 11:15:23.514 DEBUG 4232 --- [http-nio-8080-exec-4] o.s.s.web.util.matcher.OrRequestMatcher  : Trying to match using Ant [pattern='/user/login']
2016-11-29 11:15:23.514 DEBUG 4232 --- [http-nio-8080-exec-4] o.s.s.w.u.matcher.AntPathRequestMatcher  : Checking match of request : '/user/register/confirm'; against '/user/login'
2016-11-29 11:15:23.514 DEBUG 4232 --- [http-nio-8080-exec-4] o.s.s.web.util.matcher.OrRequestMatcher  : No matches found
2016-11-29 11:15:23.514 DEBUG 4232 --- [http-nio-8080-exec-4] o.s.s.web.util.matcher.OrRequestMatcher  : Trying to match using Ant [pattern='/user/login']
2016-11-29 11:15:23.514 DEBUG 4232 --- [http-nio-8080-exec-4] o.s.s.w.u.matcher.AntPathRequestMatcher  : Checking match of request : '/user/register/confirm'; against '/user/login'
2016-11-29 11:15:23.514 DEBUG 4232 --- [http-nio-8080-exec-4] o.s.s.web.util.matcher.OrRequestMatcher  : Trying to match using org.springframework.security.web.util.matcher.RegexRequestMatcher@7e95d1ad
2016-11-29 11:15:23.514 DEBUG 4232 --- [http-nio-8080-exec-4] o.s.s.w.u.matcher.RegexRequestMatcher    : Checking match of request : '/user/register/confirm?id=26&code=244013'; against '/user/login.*'
2016-11-29 11:15:23.514 DEBUG 4232 --- [http-nio-8080-exec-4] o.s.s.web.util.matcher.OrRequestMatcher  : Trying to match using Ant [pattern='/user/refresh']
2016-11-29 11:15:23.514 DEBUG 4232 --- [http-nio-8080-exec-4] o.s.s.w.u.matcher.AntPathRequestMatcher  : Checking match of request : '/user/register/confirm'; against '/user/refresh'
2016-11-29 11:15:23.514 DEBUG 4232 --- [http-nio-8080-exec-4] o.s.s.web.util.matcher.OrRequestMatcher  : Trying to match using org.springframework.security.web.util.matcher.RegexRequestMatcher@2075163e
2016-11-29 11:15:23.514 DEBUG 4232 --- [http-nio-8080-exec-4] o.s.s.w.u.matcher.RegexRequestMatcher    : Checking match of request : '/user/register/confirm?id=26&code=244013'; against '/user/refresh.*'
2016-11-29 11:15:23.514 DEBUG 4232 --- [http-nio-8080-exec-4] o.s.s.web.util.matcher.OrRequestMatcher  : Trying to match using Ant [pattern='/user/register']
2016-11-29 11:15:23.515 DEBUG 4232 --- [http-nio-8080-exec-4] o.s.s.w.u.matcher.AntPathRequestMatcher  : Checking match of request : '/user/register/confirm'; against '/user/register'
2016-11-29 11:15:23.515 DEBUG 4232 --- [http-nio-8080-exec-4] o.s.s.web.util.matcher.OrRequestMatcher  : Trying to match using org.springframework.security.web.util.matcher.RegexRequestMatcher@2e2d0bc6
2016-11-29 11:15:23.515 DEBUG 4232 --- [http-nio-8080-exec-4] o.s.s.w.u.matcher.RegexRequestMatcher    : Checking match of request : '/user/register/confirm?id=26&code=244013'; against '/user/register.*'
2016-11-29 11:15:23.515 DEBUG 4232 --- [http-nio-8080-exec-4] o.s.s.web.util.matcher.OrRequestMatcher  : matched
2016-11-29 11:15:23.515 DEBUG 4232 --- [http-nio-8080-exec-4] o.s.web.servlet.DispatcherServlet        : DispatcherServlet with name 'dispatcherServlet' processing GET request for [/user/register/confirm]
2016-11-29 11:15:23.518 DEBUG 4232 --- [http-nio-8080-exec-4] s.w.s.m.m.a.RequestMappingHandlerMapping : Looking up handler method for path /user/register/confirm
2016-11-29 11:15:23.519 DEBUG 4232 --- [http-nio-8080-exec-4] s.w.s.m.m.a.RequestMappingHandlerMapping : Returning handler method [public org.springframework.http.ResponseEntity<edu.sjsu.LPOS.beans.ResponseBean> edu.sjsu.LPOS.controller.UserController.getConfirm(java.lang.Integer,java.lang.String,org.springframework.ui.Model)]
2016-11-29 11:15:23.519 DEBUG 4232 --- [http-nio-8080-exec-4] o.s.web.servlet.DispatcherServlet        : Last-Modified value for [/user/register/confirm] is: -1
2016-11-29 11:15:23.859 DEBUG 4232 --- [http-nio-8080-exec-4] o.s.s.w.header.writers.HstsHeaderWriter  : Not injecting HSTS header since it did not match the requestMatcher org.springframework.security.web.header.writers.HstsHeaderWriter$SecureRequestMatcher@4353e2ba
2016-11-29 11:15:23.859 DEBUG 4232 --- [http-nio-8080-exec-4] o.s.w.s.m.m.a.HttpEntityMethodProcessor  : Written [edu.sjsu.LPOS.beans.ResponseBean@390da14e] as "application/json" using [org.springframework.http.converter.json.MappingJackson2HttpMessageConverter@48826b86]
2016-11-29 11:15:23.859 DEBUG 4232 --- [http-nio-8080-exec-4] o.s.web.servlet.DispatcherServlet        : Null ModelAndView returned to DispatcherServlet with name 'dispatcherServlet': assuming HandlerAdapter completed request handling
2016-11-29 11:15:23.860 DEBUG 4232 --- [http-nio-8080-exec-4] o.s.web.servlet.DispatcherServlet        : Successfully completed request
2016-11-29 11:15:23.860 DEBUG 4232 --- [http-nio-8080-exec-4] o.s.s.w.a.ExceptionTranslationFilter     : Chain processed normally
2016-11-29 11:15:23.860 DEBUG 4232 --- [http-nio-8080-exec-4] s.s.w.c.SecurityContextPersistenceFilter : SecurityContextHolder now cleared, as request processing completed
2016-11-29 11:15:31.408 DEBUG 4232 --- [http-nio-8080-exec-5] o.s.s.web.util.matcher.OrRequestMatcher  : Trying to match using Ant [pattern='/css/**']
2016-11-29 11:15:31.409 DEBUG 4232 --- [http-nio-8080-exec-5] o.s.s.w.u.matcher.AntPathRequestMatcher  : Checking match of request : '/user/login'; against '/css/**'
2016-11-29 11:15:31.409 DEBUG 4232 --- [http-nio-8080-exec-5] o.s.s.web.util.matcher.OrRequestMatcher  : Trying to match using Ant [pattern='/js/**']
2016-11-29 11:15:31.409 DEBUG 4232 --- [http-nio-8080-exec-5] o.s.s.w.u.matcher.AntPathRequestMatcher  : Checking match of request : '/user/login'; against '/js/**'
2016-11-29 11:15:31.409 DEBUG 4232 --- [http-nio-8080-exec-5] o.s.s.web.util.matcher.OrRequestMatcher  : Trying to match using Ant [pattern='/images/**']
2016-11-29 11:15:31.409 DEBUG 4232 --- [http-nio-8080-exec-5] o.s.s.w.u.matcher.AntPathRequestMatcher  : Checking match of request : '/user/login'; against '/images/**'
2016-11-29 11:15:31.409 DEBUG 4232 --- [http-nio-8080-exec-5] o.s.s.web.util.matcher.OrRequestMatcher  : Trying to match using Ant [pattern='/webjars/**']
2016-11-29 11:15:31.409 DEBUG 4232 --- [http-nio-8080-exec-5] o.s.s.w.u.matcher.AntPathRequestMatcher  : Checking match of request : '/user/login'; against '/webjars/**'
2016-11-29 11:15:31.409 DEBUG 4232 --- [http-nio-8080-exec-5] o.s.s.web.util.matcher.OrRequestMatcher  : Trying to match using Ant [pattern='/**/favicon.ico']
2016-11-29 11:15:31.409 DEBUG 4232 --- [http-nio-8080-exec-5] o.s.s.w.u.matcher.AntPathRequestMatcher  : Checking match of request : '/user/login'; against '/**/favicon.ico'
2016-11-29 11:15:31.409 DEBUG 4232 --- [http-nio-8080-exec-5] o.s.s.web.util.matcher.OrRequestMatcher  : Trying to match using Ant [pattern='/error']
2016-11-29 11:15:31.409 DEBUG 4232 --- [http-nio-8080-exec-5] o.s.s.w.u.matcher.AntPathRequestMatcher  : Checking match of request : '/user/login'; against '/error'
2016-11-29 11:15:31.409 DEBUG 4232 --- [http-nio-8080-exec-5] o.s.s.web.util.matcher.OrRequestMatcher  : No matches found
2016-11-29 11:15:31.409 DEBUG 4232 --- [http-nio-8080-exec-5] o.s.s.w.u.matcher.AntPathRequestMatcher  : Request '/user/login' matched by universal pattern '/**'
2016-11-29 11:15:31.409 DEBUG 4232 --- [http-nio-8080-exec-5] o.s.security.web.FilterChainProxy        : /user/login at position 1 of 12 in additional filter chain; firing Filter: 'WebAsyncManagerIntegrationFilter'
2016-11-29 11:15:31.410 DEBUG 4232 --- [http-nio-8080-exec-5] o.s.security.web.FilterChainProxy        : /user/login at position 2 of 12 in additional filter chain; firing Filter: 'SecurityContextPersistenceFilter'
2016-11-29 11:15:31.410 DEBUG 4232 --- [http-nio-8080-exec-5] o.s.security.web.FilterChainProxy        : /user/login at position 3 of 12 in additional filter chain; firing Filter: 'HeaderWriterFilter'
2016-11-29 11:15:31.410 DEBUG 4232 --- [http-nio-8080-exec-5] o.s.security.web.FilterChainProxy        : /user/login at position 4 of 12 in additional filter chain; firing Filter: 'LogoutFilter'
2016-11-29 11:15:31.410 DEBUG 4232 --- [http-nio-8080-exec-5] o.s.s.web.util.matcher.OrRequestMatcher  : Trying to match using Ant [pattern='/logout', GET]
2016-11-29 11:15:31.410 DEBUG 4232 --- [http-nio-8080-exec-5] o.s.s.w.u.matcher.AntPathRequestMatcher  : Request 'POST /user/login' doesn't match 'GET /logout
2016-11-29 11:15:31.410 DEBUG 4232 --- [http-nio-8080-exec-5] o.s.s.web.util.matcher.OrRequestMatcher  : Trying to match using Ant [pattern='/logout', POST]
2016-11-29 11:15:31.410 DEBUG 4232 --- [http-nio-8080-exec-5] o.s.s.w.u.matcher.AntPathRequestMatcher  : Checking match of request : '/user/login'; against '/logout'
2016-11-29 11:15:31.410 DEBUG 4232 --- [http-nio-8080-exec-5] o.s.s.web.util.matcher.OrRequestMatcher  : Trying to match using Ant [pattern='/logout', PUT]
2016-11-29 11:15:31.410 DEBUG 4232 --- [http-nio-8080-exec-5] o.s.s.w.u.matcher.AntPathRequestMatcher  : Request 'POST /user/login' doesn't match 'PUT /logout
2016-11-29 11:15:31.410 DEBUG 4232 --- [http-nio-8080-exec-5] o.s.s.web.util.matcher.OrRequestMatcher  : Trying to match using Ant [pattern='/logout', DELETE]
2016-11-29 11:15:31.410 DEBUG 4232 --- [http-nio-8080-exec-5] o.s.s.w.u.matcher.AntPathRequestMatcher  : Request 'POST /user/login' doesn't match 'DELETE /logout
2016-11-29 11:15:31.410 DEBUG 4232 --- [http-nio-8080-exec-5] o.s.s.web.util.matcher.OrRequestMatcher  : No matches found
2016-11-29 11:15:31.410 DEBUG 4232 --- [http-nio-8080-exec-5] o.s.security.web.FilterChainProxy        : /user/login at position 5 of 12 in additional filter chain; firing Filter: 'LoginBasicFilter'
2016-11-29 11:15:31.410 DEBUG 4232 --- [http-nio-8080-exec-5] o.s.s.web.util.matcher.OrRequestMatcher  : Trying to match using Ant [pattern='/user/login']
2016-11-29 11:15:31.410 DEBUG 4232 --- [http-nio-8080-exec-5] o.s.s.w.u.matcher.AntPathRequestMatcher  : Checking match of request : '/user/login'; against '/user/login'
2016-11-29 11:15:31.410 DEBUG 4232 --- [http-nio-8080-exec-5] o.s.s.web.util.matcher.OrRequestMatcher  : matched
2016-11-29 11:15:31.411 DEBUG 4232 --- [http-nio-8080-exec-5] o.s.s.authentication.ProviderManager     : Authentication attempt using edu.sjsu.LPOS.auth.login.LoginAuthenticationProvider
2016-11-29 11:15:31.781 DEBUG 4232 --- [http-nio-8080-exec-5] o.s.s.w.header.writers.HstsHeaderWriter  : Not injecting HSTS header since it did not match the requestMatcher org.springframework.security.web.header.writers.HstsHeaderWriter$SecureRequestMatcher@4353e2ba
2016-11-29 11:15:31.782 DEBUG 4232 --- [http-nio-8080-exec-5] s.s.w.c.SecurityContextPersistenceFilter : SecurityContextHolder now cleared, as request processing completed
2016-11-29 11:15:45.607  INFO 4232 --- [MessageBroker-1] o.s.w.s.c.WebSocketMessageBrokerStats    : WebSocketSession[0 current WS(0)-HttpStream(0)-HttpPoll(0), 0 total, 0 closed abnormally (0 connect failure, 0 send limit, 0 transport error)], stompSubProtocol[processed CONNECT(0)-CONNECTED(0)-DISCONNECT(0)], stompBrokerRelay[null], inboundChannel[pool size = 0, active threads = 0, queued tasks = 0, completed tasks = 0], outboundChannelpool size = 0, active threads = 0, queued tasks = 0, completed tasks = 0], sockJsScheduler[pool size = 1, active threads = 1, queued tasks = 0, completed tasks = 0]
2016-11-29 11:15:58.671  INFO 4232 --- [RMI TCP Connection(2)-192.168.1.9] inMXBeanRegistrar$SpringApplicationAdmin : Application shutdown requested.
2016-11-29 11:15:58.672  INFO 4232 --- [RMI TCP Connection(2)-192.168.1.9] ationConfigEmbeddedWebApplicationContext : Closing org.springframework.boot.context.embedded.AnnotationConfigEmbeddedWebApplicationContext@16a0ee18: startup date [Tue Nov 29 11:14:29 PST 2016]; root of context hierarchy
2016-11-29 11:15:58.674  INFO 4232 --- [RMI TCP Connection(2)-192.168.1.9] o.s.c.support.DefaultLifecycleProcessor  : Stopping beans in phase 2147483647
2016-11-29 11:15:58.675  INFO 4232 --- [RMI TCP Connection(2)-192.168.1.9] o.s.m.s.b.SimpleBrokerMessageHandler     : Stopping...
2016-11-29 11:15:58.675  INFO 4232 --- [RMI TCP Connection(2)-192.168.1.9] o.s.m.s.b.SimpleBrokerMessageHandler     : BrokerAvailabilityEvent[available=false, SimpleBrokerMessageHandler [DefaultSubscriptionRegistry[cache[0 destination(s)], registry[0 sessions]]]]
2016-11-29 11:15:58.676  INFO 4232 --- [RMI TCP Connection(2)-192.168.1.9] o.s.m.s.b.SimpleBrokerMessageHandler     : Stopped.
2016-11-29 11:15:58.676  INFO 4232 --- [RMI TCP Connection(2)-192.168.1.9] o.s.c.support.DefaultLifecycleProcessor  : Stopping beans in phase 0
2016-11-29 11:15:58.677  INFO 4232 --- [RMI TCP Connection(2)-192.168.1.9] o.s.j.e.a.AnnotationMBeanExporter        : Unregistering JMX-exposed beans on shutdown
2016-11-29 11:15:58.678  INFO 4232 --- [RMI TCP Connection(2)-192.168.1.9] o.s.s.concurrent.ThreadPoolTaskExecutor  : Shutting down ExecutorService 'brokerChannelExecutor'
2016-11-29 11:15:58.678  INFO 4232 --- [RMI TCP Connection(2)-192.168.1.9] o.s.s.c.ThreadPoolTaskScheduler          : Shutting down ExecutorService 'messageBrokerTaskScheduler'
2016-11-29 11:15:58.678  INFO 4232 --- [RMI TCP Connection(2)-192.168.1.9] o.s.s.concurrent.ThreadPoolTaskExecutor  : Shutting down ExecutorService 'clientOutboundChannelExecutor'
2016-11-29 11:15:58.678  INFO 4232 --- [RMI TCP Connection(2)-192.168.1.9] o.s.s.concurrent.ThreadPoolTaskExecutor  : Shutting down ExecutorService 'clientInboundChannelExecutor'
2016-11-29 11:15:58.714  INFO 4232 --- [RMI TCP Connection(2)-192.168.1.9] j.LocalContainerEntityManagerFactoryBean : Closing JPA EntityManagerFactory for persistence unit 'default'
